<?xml version="1.0" encoding="UTF-8"?>
<!-- Generated by org.testng.reporters.JUnitReportReporter -->
<testsuite hostname="DESKTOP-D5U99JC" failures="0" tests="2" name="com.RegressionTest" time="0.005" errors="0" timestamp="28 Feb 2021 18:33:14 GMT" skipped="0">
  <testcase classname="com.RegressionTest" name="test2" time="0.004"/>
  <testcase classname="com.RegressionTest" name="test3" time="0.001"/>
</testsuite> <!-- com.RegressionTest -->
