<?xml version="1.0" encoding="UTF-8"?>
<!-- Generated by org.testng.reporters.JUnitReportReporter -->
<testsuite hostname="DESKTOP-D5U99JC" failures="0" tests="1" name="com.Hello" time="0.003" errors="0" timestamp="22 Feb 2021 16:29:07 GMT" skipped="0">
  <testcase classname="com.Hello" name="loging" time="0.003"/>
</testsuite> <!-- com.Hello -->
