<?xml version="1.0" encoding="UTF-8"?>
<!-- Generated by org.testng.reporters.JUnitReportReporter -->
<testsuite hostname="DESKTOP-D5U99JC" failures="0" tests="1" name="bit.UnitTest" time="0.018" errors="0" timestamp="28 Feb 2021 19:00:05 GMT" skipped="0">
  <testcase classname="bit.UnitTest" name="test4" time="0.018"/>
</testsuite> <!-- bit.UnitTest -->
